2025-03-26 18:16:40 - web - ERROR - Failed to save login log: NOT NULL constraint failed: web_loginlog.user_id
Traceback (most recent call last):
  File "D:\Python_Project\CC_Project\SemiAutomaticChargeSystem\vens\lib\site-packages\django\db\backends\utils.py", line 105, in _execute
    return self.cursor.execute(sql, params)
  File "D:\Python_Project\CC_Project\SemiAutomaticChargeSystem\vens\lib\site-packages\django\db\backends\sqlite3\base.py", line 354, in execute
    return super().execute(query, params)
sqlite3.IntegrityError: NOT NULL constraint failed: web_loginlog.user_id

The above exception was the direct cause of the following exception:

Traceback (most recent call last):
  File "D:\Python_Project\CC_Project\SemiAutomaticChargeSystem\web\views\account.py", line 64, in login
    login_log = models.LoginLog.objects.create(
  File "D:\Python_Project\CC_Project\SemiAutomaticChargeSystem\vens\lib\site-packages\django\db\models\manager.py", line 87, in manager_method
    return getattr(self.get_queryset(), name)(*args, **kwargs)
  File "D:\Python_Project\CC_Project\SemiAutomaticChargeSystem\vens\lib\site-packages\django\db\models\query.py", line 679, in create
    obj.save(force_insert=True, using=self.db)
  File "D:\Python_Project\CC_Project\SemiAutomaticChargeSystem\vens\lib\site-packages\django\db\models\base.py", line 892, in save
    self.save_base(
  File "D:\Python_Project\CC_Project\SemiAutomaticChargeSystem\vens\lib\site-packages\django\db\models\base.py", line 998, in save_base
    updated = self._save_table(
  File "D:\Python_Project\CC_Project\SemiAutomaticChargeSystem\vens\lib\site-packages\django\db\models\base.py", line 1161, in _save_table
    results = self._do_insert(
  File "D:\Python_Project\CC_Project\SemiAutomaticChargeSystem\vens\lib\site-packages\django\db\models\base.py", line 1202, in _do_insert
    return manager._insert(
  File "D:\Python_Project\CC_Project\SemiAutomaticChargeSystem\vens\lib\site-packages\django\db\models\manager.py", line 87, in manager_method
    return getattr(self.get_queryset(), name)(*args, **kwargs)
  File "D:\Python_Project\CC_Project\SemiAutomaticChargeSystem\vens\lib\site-packages\django\db\models\query.py", line 1847, in _insert
    return query.get_compiler(using=using).execute_sql(returning_fields)
  File "D:\Python_Project\CC_Project\SemiAutomaticChargeSystem\vens\lib\site-packages\django\db\models\sql\compiler.py", line 1836, in execute_sql
    cursor.execute(sql, params)
  File "D:\Python_Project\CC_Project\SemiAutomaticChargeSystem\vens\lib\site-packages\django\db\backends\utils.py", line 122, in execute
    return super().execute(sql, params)
  File "D:\Python_Project\CC_Project\SemiAutomaticChargeSystem\vens\lib\site-packages\django\db\backends\utils.py", line 79, in execute
    return self._execute_with_wrappers(
  File "D:\Python_Project\CC_Project\SemiAutomaticChargeSystem\vens\lib\site-packages\django\db\backends\utils.py", line 92, in _execute_with_wrappers
    return executor(sql, params, many, context)
  File "D:\Python_Project\CC_Project\SemiAutomaticChargeSystem\vens\lib\site-packages\django\db\backends\utils.py", line 100, in _execute
    with self.db.wrap_database_errors:
  File "D:\Python_Project\CC_Project\SemiAutomaticChargeSystem\vens\lib\site-packages\django\db\utils.py", line 91, in __exit__
    raise dj_exc_value.with_traceback(traceback) from exc_value
  File "D:\Python_Project\CC_Project\SemiAutomaticChargeSystem\vens\lib\site-packages\django\db\backends\utils.py", line 105, in _execute
    return self.cursor.execute(sql, params)
  File "D:\Python_Project\CC_Project\SemiAutomaticChargeSystem\vens\lib\site-packages\django\db\backends\sqlite3\base.py", line 354, in execute
    return super().execute(query, params)
django.db.utils.IntegrityError: NOT NULL constraint failed: web_loginlog.user_id
2025-03-26 18:18:00 - web - ERROR - Failed to save login log: NOT NULL constraint failed: web_loginlog.user_id
Traceback (most recent call last):
  File "D:\Python_Project\CC_Project\SemiAutomaticChargeSystem\vens\lib\site-packages\django\db\backends\utils.py", line 105, in _execute
    return self.cursor.execute(sql, params)
  File "D:\Python_Project\CC_Project\SemiAutomaticChargeSystem\vens\lib\site-packages\django\db\backends\sqlite3\base.py", line 354, in execute
    return super().execute(query, params)
sqlite3.IntegrityError: NOT NULL constraint failed: web_loginlog.user_id

The above exception was the direct cause of the following exception:

Traceback (most recent call last):
  File "D:\Python_Project\CC_Project\SemiAutomaticChargeSystem\web\views\account.py", line 64, in login
    login_log = models.LoginLog.objects.create(
  File "D:\Python_Project\CC_Project\SemiAutomaticChargeSystem\vens\lib\site-packages\django\db\models\manager.py", line 87, in manager_method
    return getattr(self.get_queryset(), name)(*args, **kwargs)
  File "D:\Python_Project\CC_Project\SemiAutomaticChargeSystem\vens\lib\site-packages\django\db\models\query.py", line 679, in create
    obj.save(force_insert=True, using=self.db)
  File "D:\Python_Project\CC_Project\SemiAutomaticChargeSystem\vens\lib\site-packages\django\db\models\base.py", line 892, in save
    self.save_base(
  File "D:\Python_Project\CC_Project\SemiAutomaticChargeSystem\vens\lib\site-packages\django\db\models\base.py", line 998, in save_base
    updated = self._save_table(
  File "D:\Python_Project\CC_Project\SemiAutomaticChargeSystem\vens\lib\site-packages\django\db\models\base.py", line 1161, in _save_table
    results = self._do_insert(
  File "D:\Python_Project\CC_Project\SemiAutomaticChargeSystem\vens\lib\site-packages\django\db\models\base.py", line 1202, in _do_insert
    return manager._insert(
  File "D:\Python_Project\CC_Project\SemiAutomaticChargeSystem\vens\lib\site-packages\django\db\models\manager.py", line 87, in manager_method
    return getattr(self.get_queryset(), name)(*args, **kwargs)
  File "D:\Python_Project\CC_Project\SemiAutomaticChargeSystem\vens\lib\site-packages\django\db\models\query.py", line 1847, in _insert
    return query.get_compiler(using=using).execute_sql(returning_fields)
  File "D:\Python_Project\CC_Project\SemiAutomaticChargeSystem\vens\lib\site-packages\django\db\models\sql\compiler.py", line 1836, in execute_sql
    cursor.execute(sql, params)
  File "D:\Python_Project\CC_Project\SemiAutomaticChargeSystem\vens\lib\site-packages\django\db\backends\utils.py", line 122, in execute
    return super().execute(sql, params)
  File "D:\Python_Project\CC_Project\SemiAutomaticChargeSystem\vens\lib\site-packages\django\db\backends\utils.py", line 79, in execute
    return self._execute_with_wrappers(
  File "D:\Python_Project\CC_Project\SemiAutomaticChargeSystem\vens\lib\site-packages\django\db\backends\utils.py", line 92, in _execute_with_wrappers
    return executor(sql, params, many, context)
  File "D:\Python_Project\CC_Project\SemiAutomaticChargeSystem\vens\lib\site-packages\django\db\backends\utils.py", line 100, in _execute
    with self.db.wrap_database_errors:
  File "D:\Python_Project\CC_Project\SemiAutomaticChargeSystem\vens\lib\site-packages\django\db\utils.py", line 91, in __exit__
    raise dj_exc_value.with_traceback(traceback) from exc_value
  File "D:\Python_Project\CC_Project\SemiAutomaticChargeSystem\vens\lib\site-packages\django\db\backends\utils.py", line 105, in _execute
    return self.cursor.execute(sql, params)
  File "D:\Python_Project\CC_Project\SemiAutomaticChargeSystem\vens\lib\site-packages\django\db\backends\sqlite3\base.py", line 354, in execute
    return super().execute(query, params)
django.db.utils.IntegrityError: NOT NULL constraint failed: web_loginlog.user_id
2025-03-26 18:18:15 - web - ERROR - Failed to save login log: NOT NULL constraint failed: web_loginlog.user_id
Traceback (most recent call last):
  File "D:\Python_Project\CC_Project\SemiAutomaticChargeSystem\vens\lib\site-packages\django\db\backends\utils.py", line 105, in _execute
    return self.cursor.execute(sql, params)
  File "D:\Python_Project\CC_Project\SemiAutomaticChargeSystem\vens\lib\site-packages\django\db\backends\sqlite3\base.py", line 354, in execute
    return super().execute(query, params)
sqlite3.IntegrityError: NOT NULL constraint failed: web_loginlog.user_id

The above exception was the direct cause of the following exception:

Traceback (most recent call last):
  File "D:\Python_Project\CC_Project\SemiAutomaticChargeSystem\web\views\account.py", line 64, in login
    login_log = models.LoginLog.objects.create(
  File "D:\Python_Project\CC_Project\SemiAutomaticChargeSystem\vens\lib\site-packages\django\db\models\manager.py", line 87, in manager_method
    return getattr(self.get_queryset(), name)(*args, **kwargs)
  File "D:\Python_Project\CC_Project\SemiAutomaticChargeSystem\vens\lib\site-packages\django\db\models\query.py", line 679, in create
    obj.save(force_insert=True, using=self.db)
  File "D:\Python_Project\CC_Project\SemiAutomaticChargeSystem\vens\lib\site-packages\django\db\models\base.py", line 892, in save
    self.save_base(
  File "D:\Python_Project\CC_Project\SemiAutomaticChargeSystem\vens\lib\site-packages\django\db\models\base.py", line 998, in save_base
    updated = self._save_table(
  File "D:\Python_Project\CC_Project\SemiAutomaticChargeSystem\vens\lib\site-packages\django\db\models\base.py", line 1161, in _save_table
    results = self._do_insert(
  File "D:\Python_Project\CC_Project\SemiAutomaticChargeSystem\vens\lib\site-packages\django\db\models\base.py", line 1202, in _do_insert
    return manager._insert(
  File "D:\Python_Project\CC_Project\SemiAutomaticChargeSystem\vens\lib\site-packages\django\db\models\manager.py", line 87, in manager_method
    return getattr(self.get_queryset(), name)(*args, **kwargs)
  File "D:\Python_Project\CC_Project\SemiAutomaticChargeSystem\vens\lib\site-packages\django\db\models\query.py", line 1847, in _insert
    return query.get_compiler(using=using).execute_sql(returning_fields)
  File "D:\Python_Project\CC_Project\SemiAutomaticChargeSystem\vens\lib\site-packages\django\db\models\sql\compiler.py", line 1836, in execute_sql
    cursor.execute(sql, params)
  File "D:\Python_Project\CC_Project\SemiAutomaticChargeSystem\vens\lib\site-packages\django\db\backends\utils.py", line 122, in execute
    return super().execute(sql, params)
  File "D:\Python_Project\CC_Project\SemiAutomaticChargeSystem\vens\lib\site-packages\django\db\backends\utils.py", line 79, in execute
    return self._execute_with_wrappers(
  File "D:\Python_Project\CC_Project\SemiAutomaticChargeSystem\vens\lib\site-packages\django\db\backends\utils.py", line 92, in _execute_with_wrappers
    return executor(sql, params, many, context)
  File "D:\Python_Project\CC_Project\SemiAutomaticChargeSystem\vens\lib\site-packages\django\db\backends\utils.py", line 100, in _execute
    with self.db.wrap_database_errors:
  File "D:\Python_Project\CC_Project\SemiAutomaticChargeSystem\vens\lib\site-packages\django\db\utils.py", line 91, in __exit__
    raise dj_exc_value.with_traceback(traceback) from exc_value
  File "D:\Python_Project\CC_Project\SemiAutomaticChargeSystem\vens\lib\site-packages\django\db\backends\utils.py", line 105, in _execute
    return self.cursor.execute(sql, params)
  File "D:\Python_Project\CC_Project\SemiAutomaticChargeSystem\vens\lib\site-packages\django\db\backends\sqlite3\base.py", line 354, in execute
    return super().execute(query, params)
django.db.utils.IntegrityError: NOT NULL constraint failed: web_loginlog.user_id
2025-03-26 19:06:14 - web - ERROR - Failed to save login log: NOT NULL constraint failed: web_loginlog.user_id
Traceback (most recent call last):
  File "D:\Python_Project\CC_Project\SemiAutomaticChargeSystem\vens\lib\site-packages\django\db\backends\utils.py", line 105, in _execute
    return self.cursor.execute(sql, params)
  File "D:\Python_Project\CC_Project\SemiAutomaticChargeSystem\vens\lib\site-packages\django\db\backends\sqlite3\base.py", line 354, in execute
    return super().execute(query, params)
sqlite3.IntegrityError: NOT NULL constraint failed: web_loginlog.user_id

The above exception was the direct cause of the following exception:

Traceback (most recent call last):
  File "D:\Python_Project\CC_Project\SemiAutomaticChargeSystem\web\views\account.py", line 64, in login
    login_log = models.LoginLog.objects.create(
  File "D:\Python_Project\CC_Project\SemiAutomaticChargeSystem\vens\lib\site-packages\django\db\models\manager.py", line 87, in manager_method
    return getattr(self.get_queryset(), name)(*args, **kwargs)
  File "D:\Python_Project\CC_Project\SemiAutomaticChargeSystem\vens\lib\site-packages\django\db\models\query.py", line 679, in create
    obj.save(force_insert=True, using=self.db)
  File "D:\Python_Project\CC_Project\SemiAutomaticChargeSystem\vens\lib\site-packages\django\db\models\base.py", line 892, in save
    self.save_base(
  File "D:\Python_Project\CC_Project\SemiAutomaticChargeSystem\vens\lib\site-packages\django\db\models\base.py", line 998, in save_base
    updated = self._save_table(
  File "D:\Python_Project\CC_Project\SemiAutomaticChargeSystem\vens\lib\site-packages\django\db\models\base.py", line 1161, in _save_table
    results = self._do_insert(
  File "D:\Python_Project\CC_Project\SemiAutomaticChargeSystem\vens\lib\site-packages\django\db\models\base.py", line 1202, in _do_insert
    return manager._insert(
  File "D:\Python_Project\CC_Project\SemiAutomaticChargeSystem\vens\lib\site-packages\django\db\models\manager.py", line 87, in manager_method
    return getattr(self.get_queryset(), name)(*args, **kwargs)
  File "D:\Python_Project\CC_Project\SemiAutomaticChargeSystem\vens\lib\site-packages\django\db\models\query.py", line 1847, in _insert
    return query.get_compiler(using=using).execute_sql(returning_fields)
  File "D:\Python_Project\CC_Project\SemiAutomaticChargeSystem\vens\lib\site-packages\django\db\models\sql\compiler.py", line 1836, in execute_sql
    cursor.execute(sql, params)
  File "D:\Python_Project\CC_Project\SemiAutomaticChargeSystem\vens\lib\site-packages\django\db\backends\utils.py", line 122, in execute
    return super().execute(sql, params)
  File "D:\Python_Project\CC_Project\SemiAutomaticChargeSystem\vens\lib\site-packages\django\db\backends\utils.py", line 79, in execute
    return self._execute_with_wrappers(
  File "D:\Python_Project\CC_Project\SemiAutomaticChargeSystem\vens\lib\site-packages\django\db\backends\utils.py", line 92, in _execute_with_wrappers
    return executor(sql, params, many, context)
  File "D:\Python_Project\CC_Project\SemiAutomaticChargeSystem\vens\lib\site-packages\django\db\backends\utils.py", line 100, in _execute
    with self.db.wrap_database_errors:
  File "D:\Python_Project\CC_Project\SemiAutomaticChargeSystem\vens\lib\site-packages\django\db\utils.py", line 91, in __exit__
    raise dj_exc_value.with_traceback(traceback) from exc_value
  File "D:\Python_Project\CC_Project\SemiAutomaticChargeSystem\vens\lib\site-packages\django\db\backends\utils.py", line 105, in _execute
    return self.cursor.execute(sql, params)
  File "D:\Python_Project\CC_Project\SemiAutomaticChargeSystem\vens\lib\site-packages\django\db\backends\sqlite3\base.py", line 354, in execute
    return super().execute(query, params)
django.db.utils.IntegrityError: NOT NULL constraint failed: web_loginlog.user_id
2025-03-26 19:10:15 - web - ERROR - Failed to save login log: NOT NULL constraint failed: web_loginlog.user_id
Traceback (most recent call last):
  File "D:\Python_Project\CC_Project\SemiAutomaticChargeSystem\vens\lib\site-packages\django\db\backends\utils.py", line 105, in _execute
    return self.cursor.execute(sql, params)
  File "D:\Python_Project\CC_Project\SemiAutomaticChargeSystem\vens\lib\site-packages\django\db\backends\sqlite3\base.py", line 354, in execute
    return super().execute(query, params)
sqlite3.IntegrityError: NOT NULL constraint failed: web_loginlog.user_id

The above exception was the direct cause of the following exception:

Traceback (most recent call last):
  File "D:\Python_Project\CC_Project\SemiAutomaticChargeSystem\web\views\account.py", line 64, in login
    login_log = models.LoginLog.objects.create(
  File "D:\Python_Project\CC_Project\SemiAutomaticChargeSystem\vens\lib\site-packages\django\db\models\manager.py", line 87, in manager_method
    return getattr(self.get_queryset(), name)(*args, **kwargs)
  File "D:\Python_Project\CC_Project\SemiAutomaticChargeSystem\vens\lib\site-packages\django\db\models\query.py", line 679, in create
    obj.save(force_insert=True, using=self.db)
  File "D:\Python_Project\CC_Project\SemiAutomaticChargeSystem\vens\lib\site-packages\django\db\models\base.py", line 892, in save
    self.save_base(
  File "D:\Python_Project\CC_Project\SemiAutomaticChargeSystem\vens\lib\site-packages\django\db\models\base.py", line 998, in save_base
    updated = self._save_table(
  File "D:\Python_Project\CC_Project\SemiAutomaticChargeSystem\vens\lib\site-packages\django\db\models\base.py", line 1161, in _save_table
    results = self._do_insert(
  File "D:\Python_Project\CC_Project\SemiAutomaticChargeSystem\vens\lib\site-packages\django\db\models\base.py", line 1202, in _do_insert
    return manager._insert(
  File "D:\Python_Project\CC_Project\SemiAutomaticChargeSystem\vens\lib\site-packages\django\db\models\manager.py", line 87, in manager_method
    return getattr(self.get_queryset(), name)(*args, **kwargs)
  File "D:\Python_Project\CC_Project\SemiAutomaticChargeSystem\vens\lib\site-packages\django\db\models\query.py", line 1847, in _insert
    return query.get_compiler(using=using).execute_sql(returning_fields)
  File "D:\Python_Project\CC_Project\SemiAutomaticChargeSystem\vens\lib\site-packages\django\db\models\sql\compiler.py", line 1836, in execute_sql
    cursor.execute(sql, params)
  File "D:\Python_Project\CC_Project\SemiAutomaticChargeSystem\vens\lib\site-packages\django\db\backends\utils.py", line 122, in execute
    return super().execute(sql, params)
  File "D:\Python_Project\CC_Project\SemiAutomaticChargeSystem\vens\lib\site-packages\django\db\backends\utils.py", line 79, in execute
    return self._execute_with_wrappers(
  File "D:\Python_Project\CC_Project\SemiAutomaticChargeSystem\vens\lib\site-packages\django\db\backends\utils.py", line 92, in _execute_with_wrappers
    return executor(sql, params, many, context)
  File "D:\Python_Project\CC_Project\SemiAutomaticChargeSystem\vens\lib\site-packages\django\db\backends\utils.py", line 100, in _execute
    with self.db.wrap_database_errors:
  File "D:\Python_Project\CC_Project\SemiAutomaticChargeSystem\vens\lib\site-packages\django\db\utils.py", line 91, in __exit__
    raise dj_exc_value.with_traceback(traceback) from exc_value
  File "D:\Python_Project\CC_Project\SemiAutomaticChargeSystem\vens\lib\site-packages\django\db\backends\utils.py", line 105, in _execute
    return self.cursor.execute(sql, params)
  File "D:\Python_Project\CC_Project\SemiAutomaticChargeSystem\vens\lib\site-packages\django\db\backends\sqlite3\base.py", line 354, in execute
    return super().execute(query, params)
django.db.utils.IntegrityError: NOT NULL constraint failed: web_loginlog.user_id
2025-03-26 19:11:54 - web - ERROR - Failed to save login log: NOT NULL constraint failed: web_loginlog.user_id
Traceback (most recent call last):
  File "D:\Python_Project\CC_Project\SemiAutomaticChargeSystem\vens\lib\site-packages\django\db\backends\utils.py", line 105, in _execute
    return self.cursor.execute(sql, params)
  File "D:\Python_Project\CC_Project\SemiAutomaticChargeSystem\vens\lib\site-packages\django\db\backends\sqlite3\base.py", line 354, in execute
    return super().execute(query, params)
sqlite3.IntegrityError: NOT NULL constraint failed: web_loginlog.user_id

The above exception was the direct cause of the following exception:

Traceback (most recent call last):
  File "D:\Python_Project\CC_Project\SemiAutomaticChargeSystem\web\views\account.py", line 64, in login
    login_log = models.LoginLog.objects.create(
  File "D:\Python_Project\CC_Project\SemiAutomaticChargeSystem\vens\lib\site-packages\django\db\models\manager.py", line 87, in manager_method
    return getattr(self.get_queryset(), name)(*args, **kwargs)
  File "D:\Python_Project\CC_Project\SemiAutomaticChargeSystem\vens\lib\site-packages\django\db\models\query.py", line 679, in create
    obj.save(force_insert=True, using=self.db)
  File "D:\Python_Project\CC_Project\SemiAutomaticChargeSystem\vens\lib\site-packages\django\db\models\base.py", line 892, in save
    self.save_base(
  File "D:\Python_Project\CC_Project\SemiAutomaticChargeSystem\vens\lib\site-packages\django\db\models\base.py", line 998, in save_base
    updated = self._save_table(
  File "D:\Python_Project\CC_Project\SemiAutomaticChargeSystem\vens\lib\site-packages\django\db\models\base.py", line 1161, in _save_table
    results = self._do_insert(
  File "D:\Python_Project\CC_Project\SemiAutomaticChargeSystem\vens\lib\site-packages\django\db\models\base.py", line 1202, in _do_insert
    return manager._insert(
  File "D:\Python_Project\CC_Project\SemiAutomaticChargeSystem\vens\lib\site-packages\django\db\models\manager.py", line 87, in manager_method
    return getattr(self.get_queryset(), name)(*args, **kwargs)
  File "D:\Python_Project\CC_Project\SemiAutomaticChargeSystem\vens\lib\site-packages\django\db\models\query.py", line 1847, in _insert
    return query.get_compiler(using=using).execute_sql(returning_fields)
  File "D:\Python_Project\CC_Project\SemiAutomaticChargeSystem\vens\lib\site-packages\django\db\models\sql\compiler.py", line 1836, in execute_sql
    cursor.execute(sql, params)
  File "D:\Python_Project\CC_Project\SemiAutomaticChargeSystem\vens\lib\site-packages\django\db\backends\utils.py", line 122, in execute
    return super().execute(sql, params)
  File "D:\Python_Project\CC_Project\SemiAutomaticChargeSystem\vens\lib\site-packages\django\db\backends\utils.py", line 79, in execute
    return self._execute_with_wrappers(
  File "D:\Python_Project\CC_Project\SemiAutomaticChargeSystem\vens\lib\site-packages\django\db\backends\utils.py", line 92, in _execute_with_wrappers
    return executor(sql, params, many, context)
  File "D:\Python_Project\CC_Project\SemiAutomaticChargeSystem\vens\lib\site-packages\django\db\backends\utils.py", line 100, in _execute
    with self.db.wrap_database_errors:
  File "D:\Python_Project\CC_Project\SemiAutomaticChargeSystem\vens\lib\site-packages\django\db\utils.py", line 91, in __exit__
    raise dj_exc_value.with_traceback(traceback) from exc_value
  File "D:\Python_Project\CC_Project\SemiAutomaticChargeSystem\vens\lib\site-packages\django\db\backends\utils.py", line 105, in _execute
    return self.cursor.execute(sql, params)
  File "D:\Python_Project\CC_Project\SemiAutomaticChargeSystem\vens\lib\site-packages\django\db\backends\sqlite3\base.py", line 354, in execute
    return super().execute(query, params)
django.db.utils.IntegrityError: NOT NULL constraint failed: web_loginlog.user_id
2025-03-26 19:12:57 - web - ERROR - Failed to save login log: NOT NULL constraint failed: web_loginlog.user_id
Traceback (most recent call last):
  File "D:\Python_Project\CC_Project\SemiAutomaticChargeSystem\vens\lib\site-packages\django\db\backends\utils.py", line 105, in _execute
    return self.cursor.execute(sql, params)
  File "D:\Python_Project\CC_Project\SemiAutomaticChargeSystem\vens\lib\site-packages\django\db\backends\sqlite3\base.py", line 354, in execute
    return super().execute(query, params)
sqlite3.IntegrityError: NOT NULL constraint failed: web_loginlog.user_id

The above exception was the direct cause of the following exception:

Traceback (most recent call last):
  File "D:\Python_Project\CC_Project\SemiAutomaticChargeSystem\web\views\account.py", line 64, in login
    login_log = models.LoginLog.objects.create(
  File "D:\Python_Project\CC_Project\SemiAutomaticChargeSystem\vens\lib\site-packages\django\db\models\manager.py", line 87, in manager_method
    return getattr(self.get_queryset(), name)(*args, **kwargs)
  File "D:\Python_Project\CC_Project\SemiAutomaticChargeSystem\vens\lib\site-packages\django\db\models\query.py", line 679, in create
    obj.save(force_insert=True, using=self.db)
  File "D:\Python_Project\CC_Project\SemiAutomaticChargeSystem\vens\lib\site-packages\django\db\models\base.py", line 892, in save
    self.save_base(
  File "D:\Python_Project\CC_Project\SemiAutomaticChargeSystem\vens\lib\site-packages\django\db\models\base.py", line 998, in save_base
    updated = self._save_table(
  File "D:\Python_Project\CC_Project\SemiAutomaticChargeSystem\vens\lib\site-packages\django\db\models\base.py", line 1161, in _save_table
    results = self._do_insert(
  File "D:\Python_Project\CC_Project\SemiAutomaticChargeSystem\vens\lib\site-packages\django\db\models\base.py", line 1202, in _do_insert
    return manager._insert(
  File "D:\Python_Project\CC_Project\SemiAutomaticChargeSystem\vens\lib\site-packages\django\db\models\manager.py", line 87, in manager_method
    return getattr(self.get_queryset(), name)(*args, **kwargs)
  File "D:\Python_Project\CC_Project\SemiAutomaticChargeSystem\vens\lib\site-packages\django\db\models\query.py", line 1847, in _insert
    return query.get_compiler(using=using).execute_sql(returning_fields)
  File "D:\Python_Project\CC_Project\SemiAutomaticChargeSystem\vens\lib\site-packages\django\db\models\sql\compiler.py", line 1836, in execute_sql
    cursor.execute(sql, params)
  File "D:\Python_Project\CC_Project\SemiAutomaticChargeSystem\vens\lib\site-packages\django\db\backends\utils.py", line 122, in execute
    return super().execute(sql, params)
  File "D:\Python_Project\CC_Project\SemiAutomaticChargeSystem\vens\lib\site-packages\django\db\backends\utils.py", line 79, in execute
    return self._execute_with_wrappers(
  File "D:\Python_Project\CC_Project\SemiAutomaticChargeSystem\vens\lib\site-packages\django\db\backends\utils.py", line 92, in _execute_with_wrappers
    return executor(sql, params, many, context)
  File "D:\Python_Project\CC_Project\SemiAutomaticChargeSystem\vens\lib\site-packages\django\db\backends\utils.py", line 100, in _execute
    with self.db.wrap_database_errors:
  File "D:\Python_Project\CC_Project\SemiAutomaticChargeSystem\vens\lib\site-packages\django\db\utils.py", line 91, in __exit__
    raise dj_exc_value.with_traceback(traceback) from exc_value
  File "D:\Python_Project\CC_Project\SemiAutomaticChargeSystem\vens\lib\site-packages\django\db\backends\utils.py", line 105, in _execute
    return self.cursor.execute(sql, params)
  File "D:\Python_Project\CC_Project\SemiAutomaticChargeSystem\vens\lib\site-packages\django\db\backends\sqlite3\base.py", line 354, in execute
    return super().execute(query, params)
django.db.utils.IntegrityError: NOT NULL constraint failed: web_loginlog.user_id
2025-03-26 19:29:43 - web - DEBUG - usertype:admin - This is a debug message.
2025-03-26 19:30:53 - web - DEBUG - usertype:ADMIN - This is a debug message.
2025-03-26 19:38:31 - web - DEBUG - usertype:ADMIN - This is a debug message.
2025-03-26 19:39:16 - web - DEBUG - usertype:ADMIN - This is a debug message.
2025-03-26 19:42:55 - web - DEBUG - usertype:admin - This is a debug message.
2025-03-26 20:06:19 - web - DEBUG - usertype:ADMIN - This is a debug message.
2025-03-26 20:07:56 - web - DEBUG - usertype:ADMIN - This is a debug message.
2025-03-26 20:09:48 - web - DEBUG - usertype:ADMIN - This is a debug message.
2025-03-26 20:57:33 - web - DEBUG - usertype:ADMIN - This is a debug message.
2025-03-26 21:16:14 - web - DEBUG - usertype:ADMIN - This is a debug message.
2025-03-26 21:17:53 - web - DEBUG - usertype:ADMIN - This is a debug message.
2025-03-26 21:18:04 - web - DEBUG - usertype:ADMIN - This is a debug message.
2025-03-26 22:25:44 - web - DEBUG - usertype:ADMIN - This is a debug message.
2025-03-26 22:25:47 - web - DEBUG - usertype:ADMIN - This is a debug message.
2025-03-26 22:27:02 - web - DEBUG - usertype:ADMIN - This is a debug message.
2025-03-26 22:27:05 - web - DEBUG - usertype:ADMIN - This is a debug message.
2025-03-26 22:29:17 - web - DEBUG - usertype:ADMIN - This is a debug message.
2025-03-26 22:29:24 - web - DEBUG - usertype:ADMIN - This is a debug message.
2025-03-26 22:34:12 - web - DEBUG - usertype:ADMIN - This is a debug message.
2025-03-26 22:34:17 - web - DEBUG - usertype:ADMIN - This is a debug message.
2025-03-26 22:34:21 - web - DEBUG - usertype:ADMIN - This is a debug message.
2025-03-26 22:34:21 - web - DEBUG - usertype:ADMIN - This is a debug message.
2025-03-26 22:34:59 - web - DEBUG - usertype:ADMIN - This is a debug message.
2025-03-26 22:35:02 - web - DEBUG - usertype:ADMIN - This is a debug message.
2025-03-26 23:14:57 - web - DEBUG - usertype:ADMIN - This is a debug message.
2025-03-26 23:14:57 - web - DEBUG - usertype:ADMIN - This is a debug message.
2025-03-26 23:15:04 - web - DEBUG - usertype:ADMIN - This is a debug message.
2025-03-26 23:15:27 - web - DEBUG - usertype:ADMIN - This is a debug message.
2025-03-26 23:19:20 - web - DEBUG - usertype:ADMIN - This is a debug message.
2025-03-26 23:19:31 - web - DEBUG - usertype:ADMIN - This is a debug message.
2025-03-26 23:19:31 - web - DEBUG - usertype:ADMIN - This is a debug message.
2025-03-26 23:19:50 - web - DEBUG - usertype:ADMIN - This is a debug message.
2025-03-26 23:19:52 - web - DEBUG - usertype:ADMIN - This is a debug message.
2025-03-26 23:19:56 - web - DEBUG - usertype:ADMIN - This is a debug message.
2025-03-26 23:19:56 - web - DEBUG - usertype:ADMIN - This is a debug message.
2025-03-26 23:19:57 - web - DEBUG - usertype:ADMIN - This is a debug message.
2025-03-26 23:19:57 - web - DEBUG - usertype:ADMIN - This is a debug message.
2025-03-26 23:19:58 - web - DEBUG - usertype:ADMIN - This is a debug message.
2025-03-26 23:20:06 - web - DEBUG - usertype:ADMIN - This is a debug message.
2025-03-26 23:20:06 - web - DEBUG - usertype:ADMIN - This is a debug message.
2025-03-26 23:20:22 - web - DEBUG - usertype:ADMIN - This is a debug message.
2025-03-26 23:21:34 - web - DEBUG - usertype:ADMIN - This is a debug message.
2025-03-26 23:21:42 - web - DEBUG - usertype:ADMIN - This is a debug message.
2025-03-26 23:24:04 - web - DEBUG - usertype:ADMIN - This is a debug message.
2025-03-26 23:27:04 - web - DEBUG - usertype:ADMIN - This is a debug message.
2025-03-26 23:27:04 - web - DEBUG - leveltype:<QuerySet [<Level: 消费者等级-青铜组>]> - This is a debug message.
2025-03-26 23:27:25 - web - DEBUG - usertype:ADMIN - This is a debug message.
2025-03-26 23:28:45 - web - DEBUG - usertype:ADMIN - This is a debug message.
2025-03-26 23:31:30 - web - DEBUG - usertype:ADMIN - This is a debug message.
2025-03-26 23:31:30 - web - DEBUG - leveltype:<QuerySet [<Level: 消费者等级-青铜组>]> - This is a debug message.
2025-03-26 23:31:32 - web - DEBUG - usertype:ADMIN - This is a debug message.
2025-03-26 23:31:32 - web - DEBUG - usertype:ADMIN - This is a debug message.
2025-03-26 23:31:32 - web - DEBUG - leveltype:<QuerySet []> - This is a debug message.
2025-03-26 23:31:32 - web - DEBUG - usertype:ADMIN - This is a debug message.
2025-03-26 23:31:51 - web - DEBUG - usertype:ADMIN - This is a debug message.
2025-03-26 23:31:53 - web - DEBUG - usertype:ADMIN - This is a debug message.
2025-03-26 23:31:58 - web - DEBUG - usertype:ADMIN - This is a debug message.
2025-03-26 23:31:58 - web - DEBUG - leveltype:<QuerySet []> - This is a debug message.
2025-03-26 23:31:58 - web - DEBUG - usertype:ADMIN - This is a debug message.
2025-03-26 23:31:58 - web - DEBUG - leveltype:<QuerySet []> - This is a debug message.
2025-03-26 23:31:58 - web - DEBUG - usertype:ADMIN - This is a debug message.
2025-03-26 23:31:58 - web - DEBUG - leveltype:<QuerySet []> - This is a debug message.
2025-03-26 23:31:58 - web - DEBUG - usertype:ADMIN - This is a debug message.
2025-03-26 23:31:58 - web - DEBUG - leveltype:<QuerySet []> - This is a debug message.
2025-03-26 23:31:58 - web - DEBUG - usertype:ADMIN - This is a debug message.
2025-03-26 23:31:58 - web - DEBUG - leveltype:<QuerySet []> - This is a debug message.
2025-03-26 23:31:58 - web - DEBUG - usertype:ADMIN - This is a debug message.
2025-03-26 23:31:58 - web - DEBUG - leveltype:<QuerySet []> - This is a debug message.
2025-03-26 23:31:58 - web - DEBUG - usertype:ADMIN - This is a debug message.
2025-03-26 23:31:58 - web - DEBUG - leveltype:<QuerySet []> - This is a debug message.
2025-03-26 23:31:58 - web - DEBUG - usertype:ADMIN - This is a debug message.
2025-03-26 23:31:58 - web - DEBUG - leveltype:<QuerySet []> - This is a debug message.
2025-03-26 23:31:58 - web - DEBUG - usertype:ADMIN - This is a debug message.
2025-03-26 23:31:58 - web - DEBUG - leveltype:<QuerySet []> - This is a debug message.
2025-03-26 23:31:58 - web - DEBUG - usertype:ADMIN - This is a debug message.
2025-03-26 23:31:58 - web - DEBUG - leveltype:<QuerySet []> - This is a debug message.
2025-03-26 23:31:58 - web - DEBUG - usertype:ADMIN - This is a debug message.
2025-03-26 23:31:58 - web - DEBUG - leveltype:<QuerySet []> - This is a debug message.
2025-03-26 23:31:58 - web - DEBUG - usertype:ADMIN - This is a debug message.
2025-03-26 23:31:58 - web - DEBUG - leveltype:<QuerySet []> - This is a debug message.
2025-03-26 23:31:58 - web - DEBUG - usertype:ADMIN - This is a debug message.
2025-03-26 23:31:58 - web - DEBUG - leveltype:<QuerySet []> - This is a debug message.
2025-03-26 23:31:58 - web - DEBUG - usertype:ADMIN - This is a debug message.
2025-03-26 23:31:58 - web - DEBUG - leveltype:<QuerySet []> - This is a debug message.
2025-03-26 23:32:00 - web - DEBUG - usertype:ADMIN - This is a debug message.
2025-03-26 23:32:00 - web - DEBUG - leveltype:<QuerySet []> - This is a debug message.
2025-03-26 23:32:01 - web - DEBUG - usertype:ADMIN - This is a debug message.
2025-03-26 23:32:01 - web - DEBUG - leveltype:<QuerySet []> - This is a debug message.
2025-03-26 23:32:02 - web - DEBUG - usertype:ADMIN - This is a debug message.
2025-03-26 23:32:12 - web - DEBUG - usertype:ADMIN - This is a debug message.
2025-03-26 23:32:18 - web - DEBUG - usertype:ADMIN - This is a debug message.
2025-03-26 23:32:44 - web - DEBUG - usertype:ADMIN - This is a debug message.
2025-03-26 23:32:47 - web - DEBUG - usertype:ADMIN - This is a debug message.
2025-03-26 23:32:50 - web - DEBUG - usertype:ADMIN - This is a debug message.
2025-03-26 23:32:50 - web - DEBUG - leveltype:<QuerySet []> - This is a debug message.
2025-03-26 23:32:53 - web - DEBUG - usertype:ADMIN - This is a debug message.
2025-03-26 23:32:58 - web - DEBUG - usertype:ADMIN - This is a debug message.
2025-03-26 23:32:58 - web - DEBUG - usertype:ADMIN - This is a debug message.
2025-03-26 23:32:58 - web - DEBUG - leveltype:<QuerySet [<Level: 供应商等级-都是>]> - This is a debug message.
2025-03-26 23:33:07 - web - DEBUG - usertype:ADMIN - This is a debug message.
2025-03-26 23:33:14 - web - DEBUG - usertype:ADMIN - This is a debug message.
2025-03-26 23:33:14 - web - DEBUG - leveltype:<QuerySet [<Level: 供应商等级-都是>]> - This is a debug message.
2025-03-26 23:33:34 - web - DEBUG - usertype:ADMIN - This is a debug message.
2025-03-26 23:33:38 - web - DEBUG - usertype:ADMIN - This is a debug message.
2025-03-26 23:33:44 - web - DEBUG - usertype:ADMIN - This is a debug message.
2025-03-26 23:33:44 - web - DEBUG - leveltype:<QuerySet [<Level: 供应商等级-都是>]> - This is a debug message.
2025-03-26 23:33:46 - web - DEBUG - usertype:ADMIN - This is a debug message.
2025-03-26 23:33:52 - web - DEBUG - usertype:ADMIN - This is a debug message.
2025-03-26 23:33:52 - web - DEBUG - usertype:ADMIN - This is a debug message.
2025-03-26 23:33:52 - web - DEBUG - leveltype:<QuerySet [<Level: 供应商等级-都是>, <Level: 供应商等级-士大夫>]> - This is a debug message.
2025-03-26 23:33:56 - web - DEBUG - usertype:ADMIN - This is a debug message.
2025-03-26 23:34:02 - web - DEBUG - usertype:ADMIN - This is a debug message.
2025-03-26 23:34:02 - web - DEBUG - usertype:ADMIN - This is a debug message.
2025-03-26 23:34:02 - web - DEBUG - leveltype:<QuerySet [<Level: 供应商等级-都是>, <Level: 供应商等级-士大夫>, <Level: 消费者等级-省份>]> - This is a debug message.
2025-03-26 23:34:05 - web - DEBUG - usertype:ADMIN - This is a debug message.
2025-03-26 23:34:05 - web - DEBUG - usertype:ADMIN - This is a debug message.
2025-03-26 23:34:05 - web - DEBUG - leveltype:<QuerySet [<Level: 供应商等级-士大夫>, <Level: 消费者等级-省份>]> - This is a debug message.
2025-03-26 23:34:11 - web - DEBUG - usertype:ADMIN - This is a debug message.
2025-03-26 23:34:11 - web - DEBUG - usertype:ADMIN - This is a debug message.
2025-03-26 23:34:11 - web - DEBUG - leveltype:<QuerySet [<Level: 消费者等级-省份>]> - This is a debug message.
2025-03-26 23:34:13 - web - DEBUG - usertype:ADMIN - This is a debug message.
2025-03-26 23:34:17 - web - DEBUG - usertype:ADMIN - This is a debug message.
2025-03-26 23:39:24 - web - DEBUG - usertype:ADMIN - This is a debug message.
2025-03-26 23:40:25 - web - DEBUG - usertype:ADMIN - This is a debug message.
2025-03-26 23:40:27 - web - DEBUG - usertype:ADMIN - This is a debug message.
2025-03-26 23:40:31 - web - DEBUG - usertype:ADMIN - This is a debug message.
2025-03-26 23:40:31 - web - DEBUG - leveltype:<QuerySet [<Level: 消费者等级-省份>]> - This is a debug message.
2025-03-26 23:40:33 - web - DEBUG - usertype:ADMIN - This is a debug message.
2025-03-26 23:40:38 - web - DEBUG - usertype:ADMIN - This is a debug message.
2025-03-26 23:58:50 - web - DEBUG - usertype:ADMIN - This is a debug message.
2025-03-26 23:58:50 - web - DEBUG - usertype:ADMIN - This is a debug message.
2025-03-26 23:58:51 - web - DEBUG - usertype:ADMIN - This is a debug message.
2025-03-26 23:58:51 - web - DEBUG - usertype:ADMIN - This is a debug message.
2025-03-26 23:58:52 - web - DEBUG - usertype:ADMIN - This is a debug message.
2025-03-26 23:58:59 - web - DEBUG - usertype:ADMIN - This is a debug message.
2025-03-27 00:00:37 - web - DEBUG - usertype:ADMIN - This is a debug message.
2025-03-27 00:01:46 - web - DEBUG - usertype:ADMIN - This is a debug message.
2025-03-27 00:01:55 - web - DEBUG - usertype:ADMIN - This is a debug message.
2025-03-27 00:01:56 - web - DEBUG - usertype:ADMIN - This is a debug message.
2025-03-27 00:05:21 - web - DEBUG - usertype:ADMIN - This is a debug message.
2025-03-27 00:09:46 - web - DEBUG - usertype:ADMIN - This is a debug message.
2025-03-27 00:21:13 - web - DEBUG - usertype:ADMIN - This is a debug message.
2025-03-27 00:24:24 - web - DEBUG - usertype:ADMIN - This is a debug message.
2025-03-27 00:24:54 - web - DEBUG - usertype:ADMIN - This is a debug message.
2025-03-27 00:25:44 - web - DEBUG - usertype:ADMIN - This is a debug message.
2025-03-27 00:25:48 - web - DEBUG - usertype:ADMIN - This is a debug message.
2025-03-27 00:45:09 - web - DEBUG - usertype:ADMIN - This is a debug message.
2025-03-27 00:45:28 - web - DEBUG - usertype:ADMIN - This is a debug message.
2025-03-27 00:45:45 - web - DEBUG - usertype:ADMIN - This is a debug message.
2025-03-27 00:46:06 - web - DEBUG - usertype:ADMIN - This is a debug message.
2025-03-27 00:48:57 - web - DEBUG - usertype:ADMIN - This is a debug message.
2025-03-27 00:53:30 - web - DEBUG - usertype:ADMIN - This is a debug message.
2025-03-27 00:56:59 - web - DEBUG - usertype:ADMIN - This is a debug message.
2025-03-27 00:57:02 - web - DEBUG - usertype:ADMIN - This is a debug message.
2025-03-27 00:57:02 - web - DEBUG - leveltype:<QuerySet [<Level: 消费者等级-省份>]> - This is a debug message.
2025-03-27 00:57:04 - web - DEBUG - usertype:ADMIN - This is a debug message.
2025-03-27 00:57:04 - web - DEBUG - usertype:ADMIN - This is a debug message.
2025-03-27 00:57:04 - web - DEBUG - leveltype:<QuerySet []> - This is a debug message.
2025-03-27 00:57:05 - web - DEBUG - usertype:ADMIN - This is a debug message.
2025-03-27 00:57:14 - web - DEBUG - usertype:ADMIN - This is a debug message.
2025-03-27 00:57:17 - web - DEBUG - usertype:ADMIN - This is a debug message.
2025-03-27 00:57:17 - web - DEBUG - leveltype:<QuerySet []> - This is a debug message.
2025-03-27 00:57:18 - web - DEBUG - usertype:ADMIN - This is a debug message.
2025-03-27 00:57:18 - web - DEBUG - leveltype:<QuerySet []> - This is a debug message.
2025-03-27 00:57:52 - web - DEBUG - usertype:ADMIN - This is a debug message.
2025-03-27 00:57:52 - web - DEBUG - leveltype:<QuerySet []> - This is a debug message.
2025-03-27 00:57:53 - web - DEBUG - usertype:ADMIN - This is a debug message.
2025-03-27 00:58:01 - web - DEBUG - usertype:ADMIN - This is a debug message.
2025-03-27 00:59:22 - web - DEBUG - usertype:ADMIN - This is a debug message.
2025-03-27 00:59:22 - web - DEBUG - leveltype:<QuerySet []> - This is a debug message.
2025-03-27 00:59:23 - web - DEBUG - usertype:ADMIN - This is a debug message.
2025-03-27 00:59:23 - web - DEBUG - leveltype:<QuerySet []> - This is a debug message.
2025-03-27 00:59:24 - web - DEBUG - usertype:ADMIN - This is a debug message.
2025-03-27 00:59:32 - web - DEBUG - usertype:ADMIN - This is a debug message.
2025-03-27 01:00:14 - web - DEBUG - usertype:ADMIN - This is a debug message.
2025-03-27 01:00:19 - web - DEBUG - usertype:ADMIN - This is a debug message.
2025-03-27 01:00:20 - web - DEBUG - usertype:ADMIN - This is a debug message.
2025-03-27 01:00:21 - web - DEBUG - usertype:ADMIN - This is a debug message.
2025-03-27 01:00:22 - web - DEBUG - usertype:ADMIN - This is a debug message.
2025-03-27 01:00:22 - web - DEBUG - usertype:ADMIN - This is a debug message.
2025-03-27 01:00:22 - web - DEBUG - usertype:ADMIN - This is a debug message.
2025-03-27 01:00:22 - web - DEBUG - usertype:ADMIN - This is a debug message.
2025-03-27 01:00:22 - web - DEBUG - usertype:ADMIN - This is a debug message.
2025-03-27 01:00:23 - web - DEBUG - usertype:ADMIN - This is a debug message.
2025-03-27 01:00:23 - web - DEBUG - usertype:ADMIN - This is a debug message.
2025-03-27 01:00:29 - web - DEBUG - usertype:ADMIN - This is a debug message.
2025-03-27 01:06:28 - web - DEBUG - usertype:ADMIN - This is a debug message.
2025-03-27 01:06:30 - web - DEBUG - usertype:ADMIN - This is a debug message.
2025-03-27 01:06:31 - web - DEBUG - usertype:ADMIN - This is a debug message.
2025-03-27 01:06:31 - web - DEBUG - leveltype:<QuerySet []> - This is a debug message.
2025-03-27 01:06:32 - web - DEBUG - usertype:ADMIN - This is a debug message.
2025-03-27 01:06:32 - web - DEBUG - leveltype:<QuerySet []> - This is a debug message.
2025-03-27 01:06:39 - web - DEBUG - usertype:ADMIN - This is a debug message.
2025-03-27 01:06:39 - web - DEBUG - leveltype:<QuerySet []> - This is a debug message.
2025-03-27 01:06:39 - web - DEBUG - usertype:ADMIN - This is a debug message.
2025-03-27 01:06:39 - web - DEBUG - leveltype:<QuerySet []> - This is a debug message.
2025-03-27 01:06:40 - web - DEBUG - usertype:ADMIN - This is a debug message.
2025-03-27 01:06:46 - web - DEBUG - usertype:ADMIN - This is a debug message.
2025-03-27 01:10:00 - web - DEBUG - usertype:ADMIN - This is a debug message.
2025-03-27 01:10:00 - web - DEBUG - usertype:ADMIN - This is a debug message.
2025-03-27 01:10:00 - web - DEBUG - leveltype:<QuerySet [<Level: 消费者等级-黄金组>]> - This is a debug message.
2025-03-27 01:10:03 - web - DEBUG - usertype:ADMIN - This is a debug message.
2025-03-27 01:10:03 - web - DEBUG - usertype:ADMIN - This is a debug message.
2025-03-27 01:10:03 - web - DEBUG - leveltype:<QuerySet []> - This is a debug message.
2025-03-27 01:10:04 - web - DEBUG - usertype:ADMIN - This is a debug message.
2025-03-27 01:10:10 - web - DEBUG - usertype:ADMIN - This is a debug message.
2025-03-27 01:10:10 - web - DEBUG - usertype:ADMIN - This is a debug message.
2025-03-27 01:10:10 - web - DEBUG - leveltype:<QuerySet [<Level: 消费者等级-黄金组>]> - This is a debug message.
2025-03-27 01:10:13 - web - DEBUG - usertype:ADMIN - This is a debug message.
2025-03-27 01:10:24 - web - DEBUG - usertype:ADMIN - This is a debug message.
2025-03-27 01:10:24 - web - DEBUG - usertype:ADMIN - This is a debug message.
2025-03-27 01:10:24 - web - DEBUG - leveltype:<QuerySet [<Level: 消费者等级-黄金组>, <Level: 消费者等级-白银组>]> - This is a debug message.
2025-03-27 01:10:26 - web - DEBUG - usertype:ADMIN - This is a debug message.
2025-03-27 01:10:32 - web - DEBUG - usertype:ADMIN - This is a debug message.
2025-03-27 01:10:32 - web - DEBUG - usertype:ADMIN - This is a debug message.
2025-03-27 01:10:32 - web - DEBUG - leveltype:<QuerySet [<Level: 消费者等级-黄金组>, <Level: 消费者等级-白银组>, <Level: 消费者等级-青铜组>]> - This is a debug message.
2025-03-27 01:10:34 - web - DEBUG - usertype:ADMIN - This is a debug message.
2025-03-27 01:10:55 - web - DEBUG - usertype:ADMIN - This is a debug message.
2025-03-27 01:10:55 - web - DEBUG - usertype:ADMIN - This is a debug message.
2025-03-27 01:10:55 - web - DEBUG - leveltype:<QuerySet [<Level: 消费者等级-黄金组>, <Level: 消费者等级-白银组>, <Level: 消费者等级-青铜组>, <Level: 供应商等级-天组>]> - This is a debug message.
2025-03-27 01:10:58 - web - DEBUG - usertype:ADMIN - This is a debug message.
2025-03-27 01:11:07 - web - DEBUG - usertype:ADMIN - This is a debug message.
2025-03-27 01:11:07 - web - DEBUG - usertype:ADMIN - This is a debug message.
2025-03-27 01:11:07 - web - DEBUG - leveltype:<QuerySet [<Level: 消费者等级-黄金组>, <Level: 消费者等级-白银组>, <Level: 消费者等级-青铜组>, <Level: 供应商等级-天组>, <Level: 供应商等级-地组>]> - This is a debug message.
2025-03-27 01:11:10 - web - DEBUG - usertype:ADMIN - This is a debug message.
2025-03-27 01:11:13 - web - DEBUG - usertype:ADMIN - This is a debug message.
2025-03-27 01:11:13 - web - DEBUG - usertype:ADMIN - This is a debug message.
2025-03-27 01:11:13 - web - DEBUG - leveltype:<QuerySet [<Level: 消费者等级-黄金组>, <Level: 消费者等级-白银组>, <Level: 消费者等级-青铜组>, <Level: 供应商等级-天组>, <Level: 供应商等级-地组>]> - This is a debug message.
2025-03-27 01:11:15 - web - DEBUG - usertype:ADMIN - This is a debug message.
2025-03-27 01:11:20 - web - DEBUG - usertype:ADMIN - This is a debug message.
2025-03-27 01:11:20 - web - DEBUG - leveltype:<QuerySet [<Level: 消费者等级-黄金组>, <Level: 消费者等级-白银组>, <Level: 消费者等级-青铜组>, <Level: 供应商等级-天组>, <Level: 供应商等级-地组>]> - This is a debug message.
2025-03-27 01:15:25 - web - DEBUG - usertype:ADMIN - This is a debug message.
2025-03-27 01:15:25 - web - DEBUG - leveltype:<QuerySet [<Level: 消费者等级-黄金组>, <Level: 消费者等级-白银组>, <Level: 消费者等级-青铜组>, <Level: 供应商等级-天组>, <Level: 供应商等级-地组>]> - This is a debug message.
2025-03-27 01:16:28 - web - DEBUG - usertype:ADMIN - This is a debug message.
2025-03-27 01:16:28 - web - DEBUG - leveltype:<QuerySet [<Level: 消费者等级-黄金组>, <Level: 消费者等级-白银组>, <Level: 消费者等级-青铜组>, <Level: 供应商等级-天组>, <Level: 供应商等级-地组>]> - This is a debug message.
2025-03-27 01:19:55 - web - DEBUG - usertype:ADMIN - This is a debug message.
2025-03-27 01:20:07 - web - DEBUG - usertype:ADMIN - This is a debug message.
2025-03-27 01:20:20 - web - DEBUG - usertype:ADMIN - This is a debug message.
2025-03-27 01:20:26 - web - DEBUG - usertype:ADMIN - This is a debug message.
2025-03-27 01:20:57 - web - DEBUG - usertype:ADMIN - This is a debug message.
2025-03-27 01:21:04 - web - DEBUG - usertype:ADMIN - This is a debug message.
2025-03-27 01:21:05 - web - DEBUG - usertype:ADMIN - This is a debug message.
2025-03-27 01:36:05 - web - DEBUG - usertype:ADMIN - This is a debug message.
2025-03-27 01:36:06 - web - DEBUG - usertype:ADMIN - This is a debug message.
2025-03-27 01:36:08 - web - DEBUG - usertype:ADMIN - This is a debug message.
2025-03-27 01:37:12 - web - DEBUG - usertype:ADMIN - This is a debug message.
2025-03-27 01:37:14 - web - DEBUG - usertype:ADMIN - This is a debug message.
2025-03-27 01:37:15 - web - DEBUG - usertype:ADMIN - This is a debug message.
2025-03-27 01:37:15 - web - DEBUG - usertype:ADMIN - This is a debug message.
2025-03-27 01:37:15 - web - DEBUG - usertype:ADMIN - This is a debug message.
2025-03-27 01:37:15 - web - DEBUG - usertype:ADMIN - This is a debug message.
2025-03-27 01:37:27 - web - DEBUG - usertype:ADMIN - This is a debug message.
2025-03-27 01:37:28 - web - DEBUG - usertype:ADMIN - This is a debug message.
2025-03-27 01:39:55 - web - DEBUG - usertype:ADMIN - This is a debug message.
2025-03-27 01:41:52 - web - DEBUG - usertype:ADMIN - This is a debug message.
2025-03-27 01:41:52 - web - DEBUG - usertype:ADMIN - This is a debug message.
2025-03-27 01:41:54 - web - DEBUG - usertype:ADMIN - This is a debug message.
2025-03-27 01:41:54 - web - DEBUG - usertype:ADMIN - This is a debug message.
2025-03-27 01:42:01 - web - DEBUG - usertype:ADMIN - This is a debug message.
2025-03-27 01:42:02 - web - DEBUG - usertype:ADMIN - This is a debug message.
2025-03-27 01:42:13 - web - DEBUG - usertype:ADMIN - This is a debug message.
2025-03-27 01:42:13 - web - DEBUG - usertype:ADMIN - This is a debug message.
2025-03-27 01:42:15 - web - DEBUG - usertype:ADMIN - This is a debug message.
2025-03-27 01:53:34 - web - DEBUG - usertype:ADMIN - This is a debug message.
2025-03-27 01:54:46 - web - DEBUG - usertype:ADMIN - This is a debug message.
2025-03-27 01:55:46 - web - DEBUG - usertype:ADMIN - This is a debug message.
2025-03-27 01:55:46 - web - DEBUG - parent:None - This is a debug message.
2025-03-27 01:55:48 - web - DEBUG - usertype:ADMIN - This is a debug message.
2025-03-27 01:55:48 - web - DEBUG - parent:None - This is a debug message.
2025-03-27 01:56:48 - web - DEBUG - usertype:ADMIN - This is a debug message.
2025-03-27 01:59:47 - web - DEBUG - usertype:ADMIN - This is a debug message.
2025-03-27 01:59:49 - web - DEBUG - usertype:ADMIN - This is a debug message.
2025-03-27 01:59:49 - web - DEBUG - parent:None - This is a debug message.
2025-03-27 01:59:55 - web - DEBUG - usertype:ADMIN - This is a debug message.
2025-03-27 01:59:55 - web - DEBUG - parent:None - This is a debug message.
2025-03-27 01:59:57 - web - DEBUG - usertype:ADMIN - This is a debug message.
2025-03-27 02:00:23 - web - DEBUG - usertype:ADMIN - This is a debug message.
2025-03-27 02:00:59 - web - DEBUG - usertype:ADMIN - This is a debug message.
2025-03-27 02:04:00 - web - DEBUG - usertype:ADMIN - This is a debug message.
2025-03-27 02:04:17 - web - DEBUG - usertype:ADMIN - This is a debug message.
2025-03-27 02:04:17 - web - DEBUG - usertype:ADMIN - This is a debug message.
2025-03-27 02:04:17 - web - DEBUG - parent:None - This is a debug message.
2025-03-27 02:05:05 - web - DEBUG - usertype:ADMIN - This is a debug message.
2025-03-27 02:05:05 - web - DEBUG - parent:None - This is a debug message.
2025-03-27 02:05:37 - web - DEBUG - usertype:ADMIN - This is a debug message.
2025-03-27 02:05:37 - web - DEBUG - parent:None - This is a debug message.
2025-03-27 02:05:38 - web - DEBUG - usertype:ADMIN - This is a debug message.
2025-03-27 02:05:38 - web - DEBUG - parent:None - This is a debug message.
2025-03-27 02:05:48 - web - DEBUG - usertype:ADMIN - This is a debug message.
2025-03-27 02:05:48 - web - DEBUG - parent:None - This is a debug message.
2025-03-27 02:05:49 - web - DEBUG - usertype:ADMIN - This is a debug message.
2025-03-27 02:05:49 - web - DEBUG - parent:None - This is a debug message.
2025-03-27 02:06:04 - web - DEBUG - usertype:ADMIN - This is a debug message.
2025-03-27 02:06:04 - web - DEBUG - parent:None - This is a debug message.
2025-03-27 02:06:05 - web - DEBUG - usertype:ADMIN - This is a debug message.
2025-03-27 02:06:05 - web - DEBUG - parent:None - This is a debug message.
2025-03-27 02:06:05 - web - DEBUG - usertype:ADMIN - This is a debug message.
2025-03-27 02:06:05 - web - DEBUG - parent:None - This is a debug message.
2025-03-27 02:06:05 - web - DEBUG - usertype:ADMIN - This is a debug message.
2025-03-27 02:06:05 - web - DEBUG - parent:None - This is a debug message.
2025-03-27 02:06:05 - web - DEBUG - usertype:ADMIN - This is a debug message.
2025-03-27 02:06:05 - web - DEBUG - parent:None - This is a debug message.
2025-03-27 02:06:05 - web - DEBUG - usertype:ADMIN - This is a debug message.
2025-03-27 02:06:05 - web - DEBUG - parent:None - This is a debug message.
2025-03-27 02:06:06 - web - DEBUG - usertype:ADMIN - This is a debug message.
2025-03-27 02:06:06 - web - DEBUG - parent:None - This is a debug message.
2025-03-27 02:06:06 - web - DEBUG - usertype:ADMIN - This is a debug message.
2025-03-27 02:06:06 - web - DEBUG - parent:None - This is a debug message.
2025-03-27 02:08:58 - web - DEBUG - usertype:ADMIN - This is a debug message.
2025-03-27 02:08:58 - web - DEBUG - parent:root - This is a debug message.
2025-03-27 02:09:08 - web - DEBUG - usertype:ADMIN - This is a debug message.
2025-03-27 02:09:12 - web - DEBUG - usertype:ADMIN - This is a debug message.
2025-03-27 02:09:12 - web - DEBUG - parent:root - This is a debug message.
2025-03-27 02:13:40 - web - DEBUG - usertype:ADMIN - This is a debug message.
2025-03-27 02:13:40 - web - DEBUG - parent:root - This is a debug message.
2025-03-27 02:22:37 - web - DEBUG - usertype:ADMIN - This is a debug message.
2025-03-27 02:23:06 - web - DEBUG - usertype:ADMIN - This is a debug message.
2025-03-27 02:25:26 - web - DEBUG - usertype:ADMIN - This is a debug message.
2025-03-27 02:25:28 - web - DEBUG - usertype:ADMIN - This is a debug message.
2025-03-27 02:26:03 - web - DEBUG - usertype:ADMIN - This is a debug message.
2025-03-27 02:27:35 - web - DEBUG - usertype:ADMIN - This is a debug message.
2025-03-27 02:27:43 - web - DEBUG - usertype:ADMIN - This is a debug message.
2025-03-27 02:27:45 - web - DEBUG - usertype:ADMIN - This is a debug message.
2025-03-27 02:27:47 - web - DEBUG - usertype:ADMIN - This is a debug message.
2025-03-27 02:27:52 - web - DEBUG - usertype:ADMIN - This is a debug message.
2025-03-27 02:27:52 - web - DEBUG - usertype:ADMIN - This is a debug message.
2025-03-27 02:27:55 - web - DEBUG - usertype:ADMIN - This is a debug message.
2025-03-27 02:27:56 - web - DEBUG - usertype:ADMIN - This is a debug message.
2025-03-27 02:27:57 - web - DEBUG - usertype:ADMIN - This is a debug message.
2025-03-27 02:40:47 - web - DEBUG - usertype:ADMIN - This is a debug message.
2025-03-27 02:41:28 - web - DEBUG - usertype:ADMIN - This is a debug message.
2025-03-27 02:41:38 - web - DEBUG - usertype:ADMIN - This is a debug message.
2025-03-27 02:42:28 - web - DEBUG - usertype:ADMIN - This is a debug message.
2025-03-27 02:42:31 - web - DEBUG - usertype:ADMIN - This is a debug message.
2025-03-27 02:44:11 - web - DEBUG - usertype:ADMIN - This is a debug message.
2025-03-27 02:44:12 - web - DEBUG - usertype:ADMIN - This is a debug message.
2025-03-27 02:44:55 - web - DEBUG - usertype:ADMIN - This is a debug message.
2025-03-27 02:44:56 - web - DEBUG - usertype:ADMIN - This is a debug message.
2025-03-27 02:46:32 - web - DEBUG - usertype:ADMIN - This is a debug message.
2025-03-27 02:46:33 - web - DEBUG - usertype:ADMIN - This is a debug message.
2025-03-27 02:47:43 - web - DEBUG - usertype:ADMIN - This is a debug message.
2025-03-27 02:48:18 - web - DEBUG - usertype:ADMIN - This is a debug message.
2025-03-27 02:48:20 - web - DEBUG - usertype:ADMIN - This is a debug message.
2025-03-27 02:51:25 - web - DEBUG - usertype:ADMIN - This is a debug message.
2025-03-27 02:51:27 - web - DEBUG - usertype:ADMIN - This is a debug message.
2025-03-27 02:51:28 - web - DEBUG - usertype:ADMIN - This is a debug message.
2025-03-27 02:51:29 - web - DEBUG - usertype:ADMIN - This is a debug message.
2025-03-27 02:55:44 - web - DEBUG - usertype:ADMIN - This is a debug message.
2025-03-27 02:56:02 - web - DEBUG - usertype:ADMIN - This is a debug message.
2025-03-27 02:56:10 - web - DEBUG - usertype:ADMIN - This is a debug message.
2025-03-27 02:56:17 - web - DEBUG - usertype:ADMIN - This is a debug message.
2025-03-27 02:56:21 - web - DEBUG - usertype:ADMIN - This is a debug message.
2025-03-27 02:56:31 - web - DEBUG - usertype:ADMIN - This is a debug message.
2025-03-27 02:58:29 - web - DEBUG - usertype:ADMIN - This is a debug message.
2025-03-27 02:58:29 - web - DEBUG - usertype:ADMIN - This is a debug message.
2025-03-27 02:58:30 - web - DEBUG - usertype:ADMIN - This is a debug message.
2025-03-27 02:58:42 - web - DEBUG - usertype:ADMIN - This is a debug message.
2025-03-27 02:59:16 - web - DEBUG - usertype:ADMIN - This is a debug message.
2025-03-27 02:59:16 - web - DEBUG - usertype:ADMIN - This is a debug message.
2025-03-27 02:59:25 - web - DEBUG - usertype:ADMIN - This is a debug message.
2025-03-27 02:59:26 - web - DEBUG - usertype:ADMIN - This is a debug message.
2025-03-27 02:59:26 - web - DEBUG - usertype:ADMIN - This is a debug message.
2025-03-27 02:59:26 - web - DEBUG - usertype:ADMIN - This is a debug message.
2025-03-27 02:59:26 - web - DEBUG - usertype:ADMIN - This is a debug message.
2025-03-27 02:59:27 - web - DEBUG - usertype:ADMIN - This is a debug message.
2025-03-27 02:59:27 - web - DEBUG - usertype:ADMIN - This is a debug message.
2025-03-27 02:59:27 - web - DEBUG - usertype:ADMIN - This is a debug message.
2025-03-27 02:59:27 - web - DEBUG - usertype:ADMIN - This is a debug message.
2025-03-27 02:59:27 - web - DEBUG - usertype:ADMIN - This is a debug message.
2025-03-27 02:59:27 - web - DEBUG - usertype:ADMIN - This is a debug message.
2025-03-27 02:59:28 - web - DEBUG - usertype:ADMIN - This is a debug message.
2025-03-27 02:59:28 - web - DEBUG - usertype:ADMIN - This is a debug message.
2025-03-27 02:59:28 - web - DEBUG - usertype:ADMIN - This is a debug message.
2025-03-27 02:59:28 - web - DEBUG - usertype:ADMIN - This is a debug message.
2025-03-27 02:59:29 - web - DEBUG - usertype:ADMIN - This is a debug message.
2025-03-27 02:59:29 - web - DEBUG - usertype:ADMIN - This is a debug message.
2025-03-27 02:59:31 - web - DEBUG - usertype:ADMIN - This is a debug message.
2025-03-27 02:59:38 - web - DEBUG - usertype:ADMIN - This is a debug message.
2025-03-27 02:59:40 - web - DEBUG - usertype:ADMIN - This is a debug message.
2025-03-27 02:59:40 - web - DEBUG - usertype:ADMIN - This is a debug message.
2025-03-27 02:59:42 - web - DEBUG - usertype:ADMIN - This is a debug message.
2025-03-27 03:00:49 - web - DEBUG - usertype:ADMIN - This is a debug message.
2025-03-27 03:00:50 - web - DEBUG - usertype:ADMIN - This is a debug message.
2025-03-27 03:00:56 - web - DEBUG - usertype:ADMIN - This is a debug message.
2025-03-27 03:04:38 - web - DEBUG - usertype:ADMIN - This is a debug message.
2025-03-27 03:04:39 - web - DEBUG - usertype:ADMIN - This is a debug message.
2025-03-27 03:04:42 - web - DEBUG - usertype:ADMIN - This is a debug message.
2025-03-27 03:04:50 - web - DEBUG - usertype:ADMIN - This is a debug message.
2025-03-27 03:06:39 - web - DEBUG - usertype:ADMIN - This is a debug message.
2025-03-27 03:07:12 - web - DEBUG - usertype:ADMIN - This is a debug message.
2025-03-27 03:07:15 - web - DEBUG - usertype:ADMIN - This is a debug message.
2025-03-27 03:07:16 - web - DEBUG - usertype:ADMIN - This is a debug message.
2025-03-27 03:07:21 - web - DEBUG - usertype:ADMIN - This is a debug message.
2025-04-01 01:43:18 - web - DEBUG - 应用方案订单: ['O20250331091738', 'O20250329182119', 'ORD20250329063358', 'ORD20250329063304']
2025-04-01 01:45:29 - web - DEBUG - 应用方案订单: ['O20250331091738', 'O20250329182119', 'ORD20250329063358', 'ORD20250329063304']
2025-04-01 01:45:33 - web - DEBUG - 应用方案订单: ['O20250331091738', 'O20250329182119', 'ORD20250329063358', 'ORD20250329063304']
2025-04-01 01:45:34 - web - DEBUG - 应用方案订单: ['O20250331091738', 'O20250329182119', 'ORD20250329063358', 'ORD20250329063304']
2025-04-09 06:05:05 - web - ERROR - Chart error: Cannot compute Sum('<Case: CASE WHEN <Q: (AND: ('order__created_by__usertype', 'ADMIN'))> THEN <CombinedExpression: F(order__recharge_option__amount) * F(order__consumer__level__percent) / Value(100) - F(order__recharge_option__amount) * F(order__created_by__level__percent) / Value(100) - F(system_fee) - F(cross_fee)>, ELSE Value(0)>'): '<Case: CASE WHEN <Q: (AND: ('order__created_by__usertype', 'ADMIN'))> THEN <CombinedExpression: F(order__recharge_option__amount) * F(order__consumer__level__percent) / Value(100) - F(order__recharge_option__amount) * F(order__created_by__level__percent) / Value(100) - F(system_fee) - F(cross_fee)>, ELSE Value(0)>' is an aggregate
Traceback (most recent call last):
  File "D:\Python_Project\CC_Project\SemiAutomaticChargeSystem\web\views\chart.py", line 85, in chart_bar
    results = queryset.values('date').annotate(
  File "D:\Python_Project\CC_Project\SemiAutomaticChargeSystem\vens\lib\site-packages\django\db\models\query.py", line 1091, in annotate
    return self._annotate(args, kwargs, select=True)
  File "D:\Python_Project\CC_Project\SemiAutomaticChargeSystem\vens\lib\site-packages\django\db\models\query.py", line 1130, in _annotate
    clone.query.add_annotation(
  File "D:\Python_Project\CC_Project\SemiAutomaticChargeSystem\vens\lib\site-packages\django\db\models\sql\query.py", line 1042, in add_annotation
    annotation = annotation.resolve_expression(self, allow_joins=True, reuse=None,
  File "D:\Python_Project\CC_Project\SemiAutomaticChargeSystem\vens\lib\site-packages\django\db\models\aggregates.py", line 57, in resolve_expression
    raise FieldError("Cannot compute %s('%s'): '%s' is an aggregate" % (c.name, name, name))
django.core.exceptions.FieldError: Cannot compute Sum('<Case: CASE WHEN <Q: (AND: ('order__created_by__usertype', 'ADMIN'))> THEN <CombinedExpression: F(order__recharge_option__amount) * F(order__consumer__level__percent) / Value(100) - F(order__recharge_option__amount) * F(order__created_by__level__percent) / Value(100) - F(system_fee) - F(cross_fee)>, ELSE Value(0)>'): '<Case: CASE WHEN <Q: (AND: ('order__created_by__usertype', 'ADMIN'))> THEN <CombinedExpression: F(order__recharge_option__amount) * F(order__consumer__level__percent) / Value(100) - F(order__recharge_option__amount) * F(order__created_by__level__percent) / Value(100) - F(system_fee) - F(cross_fee)>, ELSE Value(0)>' is an aggregate

2025-04-09 06:05:34 - web - ERROR - Chart error: Cannot compute Sum('<Case: CASE WHEN <Q: (AND: ('order__created_by__usertype', 'ADMIN'))> THEN <CombinedExpression: F(order__recharge_option__amount) * F(order__consumer__level__percent) / Value(100) - F(order__recharge_option__amount) * F(order__created_by__level__percent) / Value(100) - F(system_fee) - F(cross_fee)>, ELSE Value(0)>'): '<Case: CASE WHEN <Q: (AND: ('order__created_by__usertype', 'ADMIN'))> THEN <CombinedExpression: F(order__recharge_option__amount) * F(order__consumer__level__percent) / Value(100) - F(order__recharge_option__amount) * F(order__created_by__level__percent) / Value(100) - F(system_fee) - F(cross_fee)>, ELSE Value(0)>' is an aggregate
Traceback (most recent call last):
  File "D:\Python_Project\CC_Project\SemiAutomaticChargeSystem\web\views\chart.py", line 85, in chart_bar
    results = queryset.values('date').annotate(
  File "D:\Python_Project\CC_Project\SemiAutomaticChargeSystem\vens\lib\site-packages\django\db\models\query.py", line 1091, in annotate
    return self._annotate(args, kwargs, select=True)
  File "D:\Python_Project\CC_Project\SemiAutomaticChargeSystem\vens\lib\site-packages\django\db\models\query.py", line 1130, in _annotate
    clone.query.add_annotation(
  File "D:\Python_Project\CC_Project\SemiAutomaticChargeSystem\vens\lib\site-packages\django\db\models\sql\query.py", line 1042, in add_annotation
    annotation = annotation.resolve_expression(self, allow_joins=True, reuse=None,
  File "D:\Python_Project\CC_Project\SemiAutomaticChargeSystem\vens\lib\site-packages\django\db\models\aggregates.py", line 57, in resolve_expression
    raise FieldError("Cannot compute %s('%s'): '%s' is an aggregate" % (c.name, name, name))
django.core.exceptions.FieldError: Cannot compute Sum('<Case: CASE WHEN <Q: (AND: ('order__created_by__usertype', 'ADMIN'))> THEN <CombinedExpression: F(order__recharge_option__amount) * F(order__consumer__level__percent) / Value(100) - F(order__recharge_option__amount) * F(order__created_by__level__percent) / Value(100) - F(system_fee) - F(cross_fee)>, ELSE Value(0)>'): '<Case: CASE WHEN <Q: (AND: ('order__created_by__usertype', 'ADMIN'))> THEN <CombinedExpression: F(order__recharge_option__amount) * F(order__consumer__level__percent) / Value(100) - F(order__recharge_option__amount) * F(order__created_by__level__percent) / Value(100) - F(system_fee) - F(cross_fee)>, ELSE Value(0)>' is an aggregate

2025-04-10 09:37:52 - web - ERROR - 消费者统计错误: Cannot resolve keyword 'date' into field. Choices are: QV, active, consumer, consumer_id, created_by, created_by_id, created_time, edit_logs, finished_time, game, game_id, id, order_number, order_status, outed_by, outed_by_id, platform, qr_code, recharge_link, recharge_option, recharge_option_id, transactions, updated_time
2025-04-10 09:41:29 - web - ERROR - 消费者统计错误: 'NoneType' object has no attribute 'strftime'
2025-04-10 09:41:40 - web - ERROR - 消费者统计错误: 'NoneType' object has no attribute 'strftime'
2025-04-10 09:43:26 - web - ERROR - 消费者统计错误: 'NoneType' object has no attribute 'strftime'
2025-04-10 12:30:30 - web - ERROR - 消费者统计错误: Cannot resolve keyword 'date' into field. Choices are: QV, active, consumer, consumer_id, created_by, created_by_id, created_time, edit_logs, finished_time, game, game_id, id, order_number, order_status, outed_by, outed_by_id, platform, qr_code, recharge_link, recharge_option, recharge_option_id, transactions, updated_time
Traceback (most recent call last):
  File "D:\Python_Project\CC_Project\SemiAutomaticChargeSystem\vens\lib\site-packages\django\db\models\sql\query.py", line 1935, in add_fields
    join_info = self.setup_joins(name.split(LOOKUP_SEP), opts, alias, allow_many=allow_m2m)
  File "D:\Python_Project\CC_Project\SemiAutomaticChargeSystem\vens\lib\site-packages\django\db\models\sql\query.py", line 1628, in setup_joins
    path, final_field, targets, rest = self.names_to_path(
  File "D:\Python_Project\CC_Project\SemiAutomaticChargeSystem\vens\lib\site-packages\django\db\models\sql\query.py", line 1542, in names_to_path
    raise FieldError("Cannot resolve keyword '%s' into field. "
django.core.exceptions.FieldError: Cannot resolve keyword 'date' into field. Choices are: QV, active, consumer, consumer_id, created_by, created_by_id, created_time, edit_logs, finished_time, game, game_id, id, order_number, order_status, outed_by, outed_by_id, platform, qr_code, recharge_link, recharge_option, recharge_option_id, transactions, updated_time

During handling of the above exception, another exception occurred:

Traceback (most recent call last):
  File "D:\Python_Project\CC_Project\SemiAutomaticChargeSystem\web\views\chart.py", line 280, in chart_consumer
    consumer_groups = queryset.values(
  File "D:\Python_Project\CC_Project\SemiAutomaticChargeSystem\vens\lib\site-packages\django\db\models\query.py", line 840, in values
    clone = self._values(*fields, **expressions)
  File "D:\Python_Project\CC_Project\SemiAutomaticChargeSystem\vens\lib\site-packages\django\db\models\query.py", line 835, in _values
    clone.query.set_values(fields)
  File "D:\Python_Project\CC_Project\SemiAutomaticChargeSystem\vens\lib\site-packages\django\db\models\sql\query.py", line 2251, in set_values
    self.add_fields(field_names, True)
  File "D:\Python_Project\CC_Project\SemiAutomaticChargeSystem\vens\lib\site-packages\django\db\models\sql\query.py", line 1962, in add_fields
    raise FieldError("Cannot resolve keyword %r into field. "
django.core.exceptions.FieldError: Cannot resolve keyword 'date' into field. Choices are: QV, active, consumer, consumer_id, created_by, created_by_id, created_time, edit_logs, finished_time, game, game_id, id, order_number, order_status, outed_by, outed_by_id, platform, qr_code, recharge_link, recharge_option, recharge_option_id, transactions, updated_time
2025-04-10 12:31:29 - web - ERROR - 消费者统计错误: Cannot resolve keyword 'date' into field. Choices are: QV, active, consumer, consumer_id, created_by, created_by_id, created_time, edit_logs, finished_time, game, game_id, id, order_number, order_status, outed_by, outed_by_id, platform, qr_code, recharge_link, recharge_option, recharge_option_id, transactions, updated_time
Traceback (most recent call last):
  File "D:\Python_Project\CC_Project\SemiAutomaticChargeSystem\vens\lib\site-packages\django\db\models\sql\query.py", line 1935, in add_fields
    join_info = self.setup_joins(name.split(LOOKUP_SEP), opts, alias, allow_many=allow_m2m)
  File "D:\Python_Project\CC_Project\SemiAutomaticChargeSystem\vens\lib\site-packages\django\db\models\sql\query.py", line 1628, in setup_joins
    path, final_field, targets, rest = self.names_to_path(
  File "D:\Python_Project\CC_Project\SemiAutomaticChargeSystem\vens\lib\site-packages\django\db\models\sql\query.py", line 1542, in names_to_path
    raise FieldError("Cannot resolve keyword '%s' into field. "
django.core.exceptions.FieldError: Cannot resolve keyword 'date' into field. Choices are: QV, active, consumer, consumer_id, created_by, created_by_id, created_time, edit_logs, finished_time, game, game_id, id, order_number, order_status, outed_by, outed_by_id, platform, qr_code, recharge_link, recharge_option, recharge_option_id, transactions, updated_time

During handling of the above exception, another exception occurred:

Traceback (most recent call last):
  File "D:\Python_Project\CC_Project\SemiAutomaticChargeSystem\web\views\chart.py", line 280, in chart_consumer
    consumer_groups = queryset.values(
  File "D:\Python_Project\CC_Project\SemiAutomaticChargeSystem\vens\lib\site-packages\django\db\models\query.py", line 840, in values
    clone = self._values(*fields, **expressions)
  File "D:\Python_Project\CC_Project\SemiAutomaticChargeSystem\vens\lib\site-packages\django\db\models\query.py", line 835, in _values
    clone.query.set_values(fields)
  File "D:\Python_Project\CC_Project\SemiAutomaticChargeSystem\vens\lib\site-packages\django\db\models\sql\query.py", line 2251, in set_values
    self.add_fields(field_names, True)
  File "D:\Python_Project\CC_Project\SemiAutomaticChargeSystem\vens\lib\site-packages\django\db\models\sql\query.py", line 1962, in add_fields
    raise FieldError("Cannot resolve keyword %r into field. "
django.core.exceptions.FieldError: Cannot resolve keyword 'date' into field. Choices are: QV, active, consumer, consumer_id, created_by, created_by_id, created_time, edit_logs, finished_time, game, game_id, id, order_number, order_status, outed_by, outed_by_id, platform, qr_code, recharge_link, recharge_option, recharge_option_id, transactions, updated_time
2025-04-10 12:32:53 - web - ERROR - 消费者统计错误: Cannot resolve keyword 'date' into field. Choices are: QV, active, consumer, consumer_id, created_by, created_by_id, created_time, edit_logs, final_amount, finished_time, game, game_id, id, order_count, order_number, order_status, outed_by, outed_by_id, platform, qr_code, recharge_link, recharge_option, recharge_option_id, total_amount, transactions, updated_time
Traceback (most recent call last):
  File "D:\Python_Project\CC_Project\SemiAutomaticChargeSystem\web\views\chart.py", line 296, in chart_consumer
    ).order_by('date', 'consumer__username')
  File "D:\Python_Project\CC_Project\SemiAutomaticChargeSystem\vens\lib\site-packages\django\db\models\query.py", line 1149, in order_by
    obj.query.add_ordering(*field_names)
  File "D:\Python_Project\CC_Project\SemiAutomaticChargeSystem\vens\lib\site-packages\django\db\models\sql\query.py", line 1996, in add_ordering
    self.names_to_path(item.split(LOOKUP_SEP), self.model._meta)
  File "D:\Python_Project\CC_Project\SemiAutomaticChargeSystem\vens\lib\site-packages\django\db\models\sql\query.py", line 1542, in names_to_path
    raise FieldError("Cannot resolve keyword '%s' into field. "
django.core.exceptions.FieldError: Cannot resolve keyword 'date' into field. Choices are: QV, active, consumer, consumer_id, created_by, created_by_id, created_time, edit_logs, final_amount, finished_time, game, game_id, id, order_count, order_number, order_status, outed_by, outed_by_id, platform, qr_code, recharge_link, recharge_option, recharge_option_id, total_amount, transactions, updated_time
2025-04-10 12:33:15 - web - ERROR - 消费者统计错误: 'date'
Traceback (most recent call last):
  File "D:\Python_Project\CC_Project\SemiAutomaticChargeSystem\web\views\chart.py", line 313, in chart_consumer
    date_str = group['date'].strftime('%m-%d') if group['date'] else '未知日期'
KeyError: 'date'
2025-04-10 13:26:52 - web - ERROR - 消费者统计错误: 'str' object has no attribute 'date'
Traceback (most recent call last):
  File "D:\Python_Project\CC_Project\SemiAutomaticChargeSystem\web\views\chart.py", line 267, in chart_consumer
    if not end_date or end_date.date() < now.date():
AttributeError: 'str' object has no attribute 'date'
2025-04-10 13:27:48 - web - ERROR - 消费者统计错误: Cannot use None as a query value
Traceback (most recent call last):
  File "D:\Python_Project\CC_Project\SemiAutomaticChargeSystem\web\views\chart.py", line 276, in chart_consumer
    groups = queryset.annotate(
  File "D:\Python_Project\CC_Project\SemiAutomaticChargeSystem\vens\lib\site-packages\django\db\models\query.py", line 941, in filter
    return self._filter_or_exclude(False, args, kwargs)
  File "D:\Python_Project\CC_Project\SemiAutomaticChargeSystem\vens\lib\site-packages\django\db\models\query.py", line 961, in _filter_or_exclude
    clone._filter_or_exclude_inplace(negate, args, kwargs)
  File "D:\Python_Project\CC_Project\SemiAutomaticChargeSystem\vens\lib\site-packages\django\db\models\query.py", line 968, in _filter_or_exclude_inplace
    self._query.add_q(Q(*args, **kwargs))
  File "D:\Python_Project\CC_Project\SemiAutomaticChargeSystem\vens\lib\site-packages\django\db\models\sql\query.py", line 1396, in add_q
    clause, _ = self._add_q(q_object, self.used_aliases)
  File "D:\Python_Project\CC_Project\SemiAutomaticChargeSystem\vens\lib\site-packages\django\db\models\sql\query.py", line 1415, in _add_q
    child_clause, needed_inner = self.build_filter(
  File "D:\Python_Project\CC_Project\SemiAutomaticChargeSystem\vens\lib\site-packages\django\db\models\sql\query.py", line 1306, in build_filter
    condition = self.build_lookup(lookups, reffed_expression, value)
  File "D:\Python_Project\CC_Project\SemiAutomaticChargeSystem\vens\lib\site-packages\django\db\models\sql\query.py", line 1201, in build_lookup
    raise ValueError("Cannot use None as a query value")
ValueError: Cannot use None as a query value
2025-04-10 13:39:52 - web - ERROR - 消费者统计错误: 'QuerySet' object has no attribute 'created_time'
Traceback (most recent call last):
  File "D:\Python_Project\CC_Project\SemiAutomaticChargeSystem\web\views\chart.py", line 260, in chart_consumer
    print('123',queryset.created_time)
AttributeError: 'QuerySet' object has no attribute 'created_time'
2025-04-10 17:49:45 - web - ERROR - 供应商统计错误: 'TransactionRecord' object has no attribute 'transactions'
Traceback (most recent call last):
  File "D:\Python_Project\CC_Project\SemiAutomaticChargeSystem\web\views\chart.py", line 415, in chart_supplier
    "amount": float(order.transactions.supplier_payment) if order.transactions.supplier_payment else 0,
AttributeError: 'TransactionRecord' object has no attribute 'transactions'
2025-04-10 18:19:42 - web - ERROR - 供应商统计错误: 'TransactionRecord' object has no attribute 'transactions'
Traceback (most recent call last):
  File "D:\Python_Project\CC_Project\SemiAutomaticChargeSystem\web\views\chart.py", line 415, in chart_supplier
    "amount": float(order.transactions.supplier_payment) if order.transactions.supplier_payment else 0,
AttributeError: 'TransactionRecord' object has no attribute 'transactions'
